<?xml version="1.0" encoding="UTF-8"?>
<!-- Generated by org.testng.reporters.JUnitReportReporter -->
<testsuite skipped="0" hostname="aspire1365" name="com.qa.tests.Zoopla" tests="1" failures="0" timestamp="05 Aug 2019 07:21:10 GMT" time="15.348" errors="0">
  <testcase name="TC_001" time="15.348" classname="com.qa.tests.Zoopla"/>
</testsuite> <!-- com.qa.tests.Zoopla -->
